Correction File             fr-short.tsv
uppercase_suggest 45998
rep_suggest 1316444
map_suggest 6878519
map_suggest_attempts 200
adjacent_swap_suggest 1449068
distant_swap_suggest 4560044
keyboard_suggest 7697700
extra_char_suggest 1556746
forgetten_char_sugggest_attempts 100
forgotten_char_suggest 17670249
move_char_suggest 9262674
bad_char_sugggest_attempts 100
bad_char_suggest 17522444
doubled_two_chars_suggest 272
two_words_suggest 991268
phonetic_suggest 1745
word_suggest raeslérie
priv_suggest 357227868
priv_suggest_size 1
uppercase_suggest 46481
rep_suggest 1755507
map_suggest 7711273
map_suggest_attempts 200
adjacent_swap_suggest 1401837
distant_swap_suggest 6312870
keyboard_suggest 7355367
extra_char_suggest 1613235
forgetten_char_sugggest_attempts 100
forgotten_char_suggest 15196633
move_char_suggest 12219960
bad_char_sugggest_attempts 100
bad_char_suggest 15311948
doubled_two_chars_suggest 420
two_words_suggest 1253078
phonetic_suggest 4179
word_suggest recencement
priv_suggest 401416111
priv_suggest_size 5
uppercase_suggest 43910
rep_suggest 803161
map_suggest 6774845
map_suggest_attempts 300
adjacent_swap_suggest 542392
distant_swap_suggest 1608599
keyboard_suggest 2935903
extra_char_suggest 632612
forgetten_char_sugggest_attempts 100
forgotten_char_suggest 7705610
move_char_suggest 3178226
bad_char_sugggest_attempts 100
bad_char_suggest 7886963
doubled_two_chars_suggest 265
two_words_suggest 555657
phonetic_suggest 1196
word_suggest récitaux
priv_suggest 296556073
priv_suggest_size 4
uppercase_suggest 46250
rep_suggest 717479
map_suggest 5553165
map_suggest_attempts 200
adjacent_swap_suggest 542290
distant_swap_suggest 2178626
keyboard_suggest 3377671
extra_char_suggest 648869
forgetten_char_sugggest_attempts 100
forgotten_char_suggest 7520088
move_char_suggest 4188117
bad_char_sugggest_attempts 100
bad_char_suggest 7582948
doubled_two_chars_suggest 283
two_words_suggest 641674
phonetic_suggest 1382
word_suggest recommend
priv_suggest 318253774
priv_suggest_size 2
uppercase_suggest 45057
rep_suggest 1593435
map_suggest 6508638
map_suggest_attempts 200
adjacent_swap_suggest 1156117
distant_swap_suggest 3553146
keyboard_suggest 5994592
extra_char_suggest 1282131
forgetten_char_sugggest_attempts 100
forgotten_char_suggest 13949545
move_char_suggest 7505950
bad_char_sugggest_attempts 100
bad_char_suggest 13734744
doubled_two_chars_suggest 241
two_words_suggest 837510
phonetic_suggest 1179
word_suggest récopense
priv_suggest 341322875
priv_suggest_size 3
uppercase_suggest 48616
rep_suggest 1655576
map_suggest 7466299
map_suggest_attempts 200
adjacent_swap_suggest 1765523
distant_swap_suggest 7106463
keyboard_suggest 10198013
extra_char_suggest 1953611
forgetten_char_sugggest_attempts 100
forgotten_char_suggest 17641630
move_char_suggest 14847959
bad_char_sugggest_attempts 100
bad_char_suggest 17460937
doubled_two_chars_suggest 422
two_words_suggest 1144411
phonetic_suggest 1911
word_suggest rédibitoire
priv_suggest 408677389
priv_suggest_size 1
uppercase_suggest 58264
rep_suggest 478458
map_suggest 5104978
map_suggest_attempts 200
adjacent_swap_suggest 415598
distant_swap_suggest 1411931
keyboard_suggest 2591843
extra_char_suggest 415713
forgetten_char_sugggest_attempts 100
forgotten_char_suggest 6834852
move_char_suggest 2663454
bad_char_sugggest_attempts 100
bad_char_suggest 6481228
doubled_two_chars_suggest 269
two_words_suggest 537086
phonetic_suggest 1893
word_suggest rédition
priv_suggest 292220438
priv_suggest_size 7
uppercase_suggest 62110
rep_suggest 399680
map_suggest 7042205
map_suggest_attempts 300
adjacent_swap_suggest 388302
distant_swap_suggest 753853
keyboard_suggest 2332821
extra_char_suggest 345515
forgetten_char_sugggest_attempts 100
forgotten_char_suggest 7877493
move_char_suggest 1524981
bad_char_sugggest_attempts 100
bad_char_suggest 7799895
doubled_two_chars_suggest 423
two_words_suggest 442459
phonetic_suggest 996
word_suggest régaux
priv_suggest 242773032
priv_suggest_size 6
uppercase_suggest 47666
rep_suggest 1315550
map_suggest 7155132
map_suggest_attempts 200
adjacent_swap_suggest 1482200
distant_swap_suggest 5750060
keyboard_suggest 8196752
extra_char_suggest 1628538
forgetten_char_sugggest_attempts 100
forgotten_char_suggest 17083443
move_char_suggest 10583158
bad_char_sugggest_attempts 100
bad_char_suggest 16996808
doubled_two_chars_suggest 356
two_words_suggest 1191458
phonetic_suggest 2021
word_suggest relevaille
priv_suggest 388128687
priv_suggest_size 5
uppercase_suggest 66097
rep_suggest 1999468
map_suggest 7660865
map_suggest_attempts 200
adjacent_swap_suggest 1589093
distant_swap_suggest 4784528
keyboard_suggest 7627952
extra_char_suggest 1665128
forgetten_char_sugggest_attempts 100
forgotten_char_suggest 18969459
move_char_suggest 9135280
bad_char_sugggest_attempts 100
bad_char_suggest 18397480
doubled_two_chars_suggest 338
two_words_suggest 829782
phonetic_suggest 1608
word_suggest rencpntre
priv_suggest 385481693
priv_suggest_size 5
uppercase_suggest 51043
rep_suggest 928150
map_suggest 5087105
map_suggest_attempts 100
adjacent_swap_suggest 1817592
distant_swap_suggest 6563272
keyboard_suggest 10897331
extra_char_suggest 1968424
forgetten_char_sugggest_attempts 100
forgotten_char_suggest 20325188
move_char_suggest 12653314
bad_char_sugggest_attempts 100
bad_char_suggest 20641793
doubled_two_chars_suggest 305
two_words_suggest 1245212
phonetic_suggest 1651
word_suggest rendezvous
priv_suggest 407974563
priv_suggest_size 3
uppercase_suggest 52256
rep_suggest 1106420
map_suggest 7085013
map_suggest_attempts 200
adjacent_swap_suggest 901815
distant_swap_suggest 2156124
keyboard_suggest 4891544
extra_char_suggest 1034170
forgetten_char_sugggest_attempts 100
forgotten_char_suggest 15788689
move_char_suggest 4152484
bad_char_sugggest_attempts 100
bad_char_suggest 14921176
doubled_two_chars_suggest 294
two_words_suggest 702004
phonetic_suggest 1501
word_suggest renomée
priv_suggest 52919761
priv_suggest_size 3
uppercase_suggest 48725
rep_suggest 582396
map_suggest 6585682
map_suggest_attempts 200
adjacent_swap_suggest 313903
distant_swap_suggest 778122
keyboard_suggest 1922712
extra_char_suggest 324392
forgetten_char_sugggest_attempts 100
forgotten_char_suggest 6694781
move_char_suggest 1332260
bad_char_sugggest_attempts 100
bad_char_suggest 6621063
doubled_two_chars_suggest 277
two_words_suggest 411335
phonetic_suggest 1758
word_suggest renomé
priv_suggest 25730350
priv_suggest_size 4
uppercase_suggest 49062
rep_suggest 2103512
map_suggest 7512425
map_suggest_attempts 200
adjacent_swap_suggest 1960771
distant_swap_suggest 8956540
keyboard_suggest 10259446
extra_char_suggest 2126238
forgetten_char_sugggest_attempts 100
forgotten_char_suggest 17634331
move_char_suggest 18834669
bad_char_sugggest_attempts 100
bad_char_suggest 17198061
doubled_two_chars_suggest 345
two_words_suggest 1268692
phonetic_suggest 2585
word_suggest rensselærite
priv_suggest 470541461
priv_suggest_size 1
uppercase_suggest 56199
rep_suggest 935745
map_suggest 9115452
map_suggest_attempts 200
adjacent_swap_suggest 824846
distant_swap_suggest 382970
keyboard_suggest 4210438
extra_char_suggest 641247
forgetten_char_sugggest_attempts 100
forgotten_char_suggest 18352167
move_char_suggest 1292921
bad_char_sugggest_attempts 100
bad_char_suggest 17394767
doubled_two_chars_suggest 212
two_words_suggest 173936
phonetic_suggest 1578
word_suggest répis
priv_suggest 273303161
priv_suggest_size 12
uppercase_suggest 52495
rep_suggest 2372910
map_suggest 8382862
map_suggest_attempts 200
adjacent_swap_suggest 1988027
distant_swap_suggest 8148243
keyboard_suggest 10604262
extra_char_suggest 2088643
forgetten_char_sugggest_attempts 100
forgotten_char_suggest 20092901
move_char_suggest 15692260
bad_char_sugggest_attempts 100
bad_char_suggest 20047481
doubled_two_chars_suggest 332
two_words_suggest 1264264
phonetic_suggest 2285
word_suggest représaille
priv_suggest 463108954
priv_suggest_size 4
uppercase_suggest 55330
rep_suggest 1629729
map_suggest 8749746
map_suggest_attempts 200
adjacent_swap_suggest 1683555
distant_swap_suggest 7086746
keyboard_suggest 8928413
extra_char_suggest 1788686
forgetten_char_sugggest_attempts 100
forgotten_char_suggest 17148476
move_char_suggest 13690189
bad_char_sugggest_attempts 100
bad_char_suggest 17331347
doubled_two_chars_suggest 456
two_words_suggest 1408361
phonetic_suggest 1678
word_suggest resencement
priv_suggest 459272726
priv_suggest_size 5
uppercase_suggest 50691
rep_suggest 1975130
map_suggest 7467498
map_suggest_attempts 200
adjacent_swap_suggest 1336660
distant_swap_suggest 5356950
keyboard_suggest 7095319
extra_char_suggest 1172922
forgetten_char_sugggest_attempts 100
forgotten_char_suggest 15620205
move_char_suggest 10702006
bad_char_sugggest_attempts 100
bad_char_suggest 15246850
doubled_two_chars_suggest 329
two_words_suggest 1037201
phonetic_suggest 1978
word_suggest résonnance
priv_suggest 67188081
priv_suggest_size 2
uppercase_suggest 51433
rep_suggest 1975166
map_suggest 5191953
map_suggest_attempts 100
adjacent_swap_suggest 2172119
distant_swap_suggest 10024937
keyboard_suggest 11683919
extra_char_suggest 2343787
forgetten_char_sugggest_attempts 100
forgotten_char_suggest 19149681
move_char_suggest 20203272
bad_char_sugggest_attempts 100
bad_char_suggest 19210938
doubled_two_chars_suggest 300
two_words_suggest 1192527
phonetic_suggest 1810
word_suggest retrouvailes
priv_suggest 93356533
priv_suggest_size 5
uppercase_suggest 55084
rep_suggest 342669
map_suggest 5616268
map_suggest_attempts 200
adjacent_swap_suggest 383717
distant_swap_suggest 1260815
keyboard_suggest 2525228
extra_char_suggest 472205
forgetten_char_sugggest_attempts 100
forgotten_char_suggest 7529056
move_char_suggest 2202558
bad_char_sugggest_attempts 100
bad_char_suggest 7205533
doubled_two_chars_suggest 288
two_words_suggest 569310
phonetic_suggest 1276
word_suggest reunion
priv_suggest 28291013
priv_suggest_size 2
uppercase_suggest 53047
rep_suggest 791668
map_suggest 7549171
map_suggest_attempts 200
adjacent_swap_suggest 1296736
distant_swap_suggest 4222418
keyboard_suggest 7613567
extra_char_suggest 1421078
forgetten_char_sugggest_attempts 100
forgotten_char_suggest 15904773
move_char_suggest 8971297
bad_char_sugggest_attempts 100
bad_char_suggest 15958729
doubled_two_chars_suggest 305
two_words_suggest 991093
phonetic_suggest 1543
word_suggest rhoeadine
priv_suggest 378050877
priv_suggest_size 1
uppercase_suggest 49696
rep_suggest 252942
map_suggest 7353163
map_suggest_attempts 300
adjacent_swap_suggest 280042
distant_swap_suggest 641829
keyboard_suggest 1772043
extra_char_suggest 334989
forgetten_char_sugggest_attempts 100
forgotten_char_suggest 5786201
move_char_suggest 1257614
bad_char_sugggest_attempts 100
bad_char_suggest 5639248
doubled_two_chars_suggest 279
two_words_suggest 336792
phonetic_suggest 1638
word_suggest rhythm
priv_suggest 248923429
priv_suggest_size 1
uppercase_suggest 56998
rep_suggest 1947695
map_suggest 7694965
map_suggest_attempts 200
adjacent_swap_suggest 1466496
distant_swap_suggest 4434271
keyboard_suggest 8125142
extra_char_suggest 1761376
forgetten_char_sugggest_attempts 100
forgotten_char_suggest 18911117
move_char_suggest 10259148
bad_char_sugggest_attempts 100
bad_char_suggest 18611112
doubled_two_chars_suggest 283
two_words_suggest 891534
phonetic_suggest 3018
word_suggest roemérite
priv_suggest 395354896
priv_suggest_size 2
uppercase_suggest 63192
rep_suggest 1137090
map_suggest 7553753
map_suggest_attempts 200
adjacent_swap_suggest 895172
distant_swap_suggest 2186792
keyboard_suggest 5843244
extra_char_suggest 1061350
forgetten_char_sugggest_attempts 100
forgotten_char_suggest 15819698
move_char_suggest 4174818
bad_char_sugggest_attempts 100
bad_char_suggest 15714696
doubled_two_chars_suggest 306
two_words_suggest 704400
phonetic_suggest 1530
word_suggest roentge
priv_suggest 330557680
priv_suggest_size 2
uppercase_suggest 55542
rep_suggest 2834529
map_suggest 7966000
map_suggest_attempts 200
adjacent_swap_suggest 1810469
distant_swap_suggest 7603362
keyboard_suggest 10824802
extra_char_suggest 2027884
forgetten_char_sugggest_attempts 100
forgotten_char_suggest 18182553
move_char_suggest 16166787
bad_char_sugggest_attempts 100
bad_char_suggest 18182942
doubled_two_chars_suggest 340
two_words_suggest 1175315
phonetic_suggest 2003
word_suggest roesslérite
priv_suggest 465205641
priv_suggest_size 1
uppercase_suggest 50858
rep_suggest 2239480
map_suggest 7871484
map_suggest_attempts 200
adjacent_swap_suggest 1591095
distant_swap_suggest 5113849
keyboard_suggest 9514351
extra_char_suggest 1755192
forgetten_char_sugggest_attempts 100
forgotten_char_suggest 20280955
move_char_suggest 10080351
bad_char_sugggest_attempts 100
bad_char_suggest 20169698
doubled_two_chars_suggest 299
two_words_suggest 974979
phonetic_suggest 1662
word_suggest roestélie
priv_suggest 400203638
priv_suggest_size 1
uppercase_suggest 52226
rep_suggest 2410085
map_suggest 8224612
map_suggest_attempts 200
adjacent_swap_suggest 1600379
distant_swap_suggest 4250806
keyboard_suggest 9350240
extra_char_suggest 1743346
forgetten_char_sugggest_attempts 100
forgotten_char_suggest 23279000
move_char_suggest 7324430
bad_char_sugggest_attempts 100
bad_char_suggest 23478295
doubled_two_chars_suggest 262
two_words_suggest 849622
phonetic_suggest 1698
word_suggest roetlère
priv_suggest 381180886
priv_suggest_size 1
uppercase_suggest 54084
rep_suggest 705160
map_suggest 5349057
map_suggest_attempts 200
adjacent_swap_suggest 584817
distant_swap_suggest 1526426
keyboard_suggest 2982293
extra_char_suggest 540170
forgetten_char_sugggest_attempts 100
forgotten_char_suggest 8944031
move_char_suggest 2874615
bad_char_sugggest_attempts 100
bad_char_suggest 8869498
doubled_two_chars_suggest 274
two_words_suggest 611111
phonetic_suggest 1400
word_suggest sarraux
priv_suggest 287975477
priv_suggest_size 5
uppercase_suggest 60327
rep_suggest 1802487
map_suggest 7879494
map_suggest_attempts 200
adjacent_swap_suggest 1153982
distant_swap_suggest 1915557
keyboard_suggest 7445501
extra_char_suggest 1408731
forgetten_char_sugggest_attempts 100
forgotten_char_suggest 24343251
move_char_suggest 3680247
bad_char_sugggest_attempts 100
bad_char_suggest 24084266
doubled_two_chars_suggest 284
two_words_suggest 1061969
phonetic_suggest 2384
word_suggest sayète
priv_suggest 317952724
priv_suggest_size 2
uppercase_suggest 53442
rep_suggest 1817164
map_suggest 7602852
map_suggest_attempts 200
adjacent_swap_suggest 1406903
distant_swap_suggest 5299487
keyboard_suggest 7965262
extra_char_suggest 1642950
forgetten_char_sugggest_attempts 100
forgotten_char_suggest 15965215
move_char_suggest 10936403
bad_char_sugggest_attempts 100
bad_char_suggest 15759297
doubled_two_chars_suggest 346
two_words_suggest 900491
phonetic_suggest 2311
word_suggest scævolisme
priv_suggest 415225677
priv_suggest_size 1
uppercase_suggest 52416
rep_suggest 1593331
map_suggest 7701535
map_suggest_attempts 200
adjacent_swap_suggest 1028782
distant_swap_suggest 2341386
keyboard_suggest 5751159
extra_char_suggest 1147099
forgetten_char_sugggest_attempts 100
forgotten_char_suggest 16755991
move_char_suggest 5067822
bad_char_sugggest_attempts 100
bad_char_suggest 16817542
doubled_two_chars_suggest 276
two_words_suggest 754138
phonetic_suggest 2062
word_suggest scénete
priv_suggest 59138436
priv_suggest_size 1
uppercase_suggest 50437
rep_suggest 1126698
map_suggest 6432354
map_suggest_attempts 200
adjacent_swap_suggest 1308336
distant_swap_suggest 7505218
keyboard_suggest 7139180
extra_char_suggest 1426264
forgetten_char_sugggest_attempts 100
forgotten_char_suggest 9716649
move_char_suggest 16346702
bad_char_sugggest_attempts 100
bad_char_suggest 9514332
doubled_two_chars_suggest 392
two_words_suggest 1429734
phonetic_suggest 1888
word_suggest schoenberguien
priv_suggest 495956510
priv_suggest_size 1
uppercase_suggest 53642
rep_suggest 2091826
map_suggest 7851583
map_suggest_attempts 200
adjacent_swap_suggest 1522273
distant_swap_suggest 4538619
keyboard_suggest 8899354
extra_char_suggest 1743358
forgetten_char_sugggest_attempts 100
forgotten_char_suggest 18302274
move_char_suggest 10862920
bad_char_sugggest_attempts 100
bad_char_suggest 18462559
doubled_two_chars_suggest 293
two_words_suggest 974940
phonetic_suggest 1695
word_suggest schoenite
priv_suggest 395814406
priv_suggest_size 2
uppercase_suggest 56969
rep_suggest 2260513
map_suggest 5024579
map_suggest_attempts 100
adjacent_swap_suggest 1482197
distant_swap_suggest 3849486
keyboard_suggest 9470648
extra_char_suggest 1797481
forgetten_char_sugggest_attempts 100
forgotten_char_suggest 21012501
move_char_suggest 8073686
bad_char_sugggest_attempts 100
bad_char_suggest 20820739
doubled_two_chars_suggest 308
two_words_suggest 923472
phonetic_suggest 2091
word_suggest schoenus
priv_suggest 361029614
priv_suggest_size 1
uppercase_suggest 54669
rep_suggest 2115228
map_suggest 7981538
map_suggest_attempts 200
adjacent_swap_suggest 1328264
distant_swap_suggest 3781330
keyboard_suggest 7385394
extra_char_suggest 1532438
forgetten_char_sugggest_attempts 100
forgotten_char_suggest 19879560
move_char_suggest 7237529
bad_char_sugggest_attempts 100
bad_char_suggest 19566922
doubled_two_chars_suggest 738
two_words_suggest 873786
phonetic_suggest 2286
word_suggest semaille
priv_suggest 379672251
priv_suggest_size 8
uppercase_suggest 55992
rep_suggest 1588569
map_suggest 8926219
map_suggest_attempts 200
adjacent_swap_suggest 1236702
distant_swap_suggest 5035529
keyboard_suggest 7450448
extra_char_suggest 1193740
forgetten_char_sugggest_attempts 100
forgotten_char_suggest 13648476
move_char_suggest 11463711
bad_char_sugggest_attempts 100
bad_char_suggest 14088327
doubled_two_chars_suggest 317
two_words_suggest 768360
phonetic_suggest 1839
word_suggest soupirails
priv_suggest 416511633
priv_suggest_size 8
uppercase_suggest 56063
rep_suggest 1148975
map_suggest 7065180
map_suggest_attempts 200
adjacent_swap_suggest 953272
distant_swap_suggest 1783026
keyboard_suggest 5265855
extra_char_suggest 1070208
forgetten_char_sugggest_attempts 100
forgotten_char_suggest 17508824
move_char_suggest 3344423
bad_char_sugggest_attempts 100
bad_char_suggest 17433858
doubled_two_chars_suggest 287
two_words_suggest 708156
phonetic_suggest 1349
word_suggest spacia
priv_suggest 301732405
priv_suggest_size 1
uppercase_suggest 60338
rep_suggest 2021641
map_suggest 7257055
map_suggest_attempts 200
adjacent_swap_suggest 1673110
distant_swap_suggest 6584075
keyboard_suggest 9567283
extra_char_suggest 1870439
forgetten_char_sugggest_attempts 100
forgotten_char_suggest 18853586
move_char_suggest 12944715
bad_char_sugggest_attempts 100
bad_char_suggest 18302300
doubled_two_chars_suggest 399
two_words_suggest 1223201
phonetic_suggest 1628
word_suggest sphaerella
priv_suggest 434192673
priv_suggest_size 1
uppercase_suggest 55513
rep_suggest 1608048
map_suggest 7932833
map_suggest_attempts 200
adjacent_swap_suggest 1582656
distant_swap_suggest 4869569
keyboard_suggest 9035284
extra_char_suggest 1853814
forgetten_char_sugggest_attempts 100
forgotten_char_suggest 18757203
move_char_suggest 10733383
bad_char_sugggest_attempts 100
bad_char_suggest 18471838
doubled_two_chars_suggest 424
two_words_suggest 1211116
phonetic_suggest 1723
word_suggest sphaerite
priv_suggest 410235604
priv_suggest_size 1
uppercase_suggest 51437
rep_suggest 423113
map_suggest 5266726
map_suggest_attempts 200
adjacent_swap_suggest 583717
distant_swap_suggest 2316849
keyboard_suggest 2970383
extra_char_suggest 638491
forgetten_char_sugggest_attempts 100
forgotten_char_suggest 6603017
move_char_suggest 4323601
bad_char_sugggest_attempts 100
bad_char_suggest 6904569
doubled_two_chars_suggest 318
two_words_suggest 1068937
phonetic_suggest 1745
word_suggest sphaerium
priv_suggest 360869614
priv_suggest_size 1
uppercase_suggest 55285
rep_suggest 2983577
map_suggest 5692396
map_suggest_attempts 100
adjacent_swap_suggest 2418898
distant_swap_suggest 10787695
keyboard_suggest 14559890
extra_char_suggest 2682396
forgetten_char_sugggest_attempts 100
forgotten_char_suggest 22026382
move_char_suggest 22094819
bad_char_sugggest_attempts 100
bad_char_suggest 21976789
doubled_two_chars_suggest 411
two_words_suggest 1345396
phonetic_suggest 2436
word_suggest sphaerobolus
priv_suggest 503044124
priv_suggest_size 1
uppercase_suggest 57196
rep_suggest 2360123
map_suggest 8295361
map_suggest_attempts 200
adjacent_swap_suggest 1912911
distant_swap_suggest 9190450
keyboard_suggest 10898207
extra_char_suggest 2070233
forgetten_char_sugggest_attempts 100
forgotten_char_suggest 17635327
move_char_suggest 17972150
bad_char_sugggest_attempts 100
bad_char_suggest 16572631
doubled_two_chars_suggest 328
two_words_suggest 1288230
phonetic_suggest 1942
word_suggest sphaerocarpe
priv_suggest 488541693
priv_suggest_size 1
uppercase_suggest 54279
rep_suggest 2185725
map_suggest 8277541
map_suggest_attempts 200
adjacent_swap_suggest 2053632
distant_swap_suggest 10639054
keyboard_suggest 12296267
extra_char_suggest 2231565
forgetten_char_sugggest_attempts 100
forgotten_char_suggest 17188060
move_char_suggest 22130006
bad_char_sugggest_attempts 100
bad_char_suggest 16922762
doubled_two_chars_suggest 367
two_words_suggest 1401678
phonetic_suggest 1944
word_suggest sphaeropsidée
priv_suggest 519834464
priv_suggest_size 1
uppercase_suggest 52958
rep_suggest 2378191
map_suggest 5474309
map_suggest_attempts 100
adjacent_swap_suggest 2089542
distant_swap_suggest 9195753
keyboard_suggest 13192939
extra_char_suggest 2283119
forgetten_char_sugggest_attempts 100
forgotten_char_suggest 21636036
move_char_suggest 17275481
bad_char_sugggest_attempts 100
bad_char_suggest 21836347
doubled_two_chars_suggest 342
two_words_suggest 1292190
phonetic_suggest 2187
word_suggest sphaeropsis
priv_suggest 478459765
priv_suggest_size 1
uppercase_suggest 60120
rep_suggest 3707117
map_suggest 5331731
map_suggest_attempts 100
adjacent_swap_suggest 2886079
distant_swap_suggest 13922878
keyboard_suggest 16573766
extra_char_suggest 3123802
forgetten_char_sugggest_attempts 100
forgotten_char_suggest 23656988
move_char_suggest 28345991
bad_char_sugggest_attempts 100
bad_char_suggest 23763989
doubled_two_chars_suggest 394
two_words_suggest 1564405
phonetic_suggest 2471
word_suggest sphaerothèque
priv_suggest 554882163
priv_suggest_size 2
uppercase_suggest 56367
rep_suggest 1626835
map_suggest 8072159
map_suggest_attempts 200
adjacent_swap_suggest 1519178
distant_swap_suggest 6007911
keyboard_suggest 8426898
extra_char_suggest 1728711
forgetten_char_sugggest_attempts 100
forgotten_char_suggest 17555854
move_char_suggest 11817846
bad_char_sugggest_attempts 100
bad_char_suggest 17071627
doubled_two_chars_suggest 367
two_words_suggest 1126532
phonetic_suggest 2400
word_suggest staehéline
priv_suggest 433503654
priv_suggest_size 1
uppercase_suggest 60495
rep_suggest 645332
map_suggest 6919051
map_suggest_attempts 200
adjacent_swap_suggest 817546
distant_swap_suggest 1851430
keyboard_suggest 5767389
extra_char_suggest 1036618
forgetten_char_sugggest_attempts 100
forgotten_char_suggest 17080214
move_char_suggest 3335846
bad_char_sugggest_attempts 100
bad_char_suggest 17076487
doubled_two_chars_suggest 233
two_words_suggest 852020
phonetic_suggest 1445
word_suggest suaeda
priv_suggest 305011191
priv_suggest_size 1
uppercase_suggest 63439
rep_suggest 3116627
map_suggest 5323249
map_suggest_attempts 100
adjacent_swap_suggest 1591180
distant_swap_suggest 5230348
keyboard_suggest 9273396
extra_char_suggest 1855033
forgetten_char_sugggest_attempts 100
forgotten_char_suggest 20437014
move_char_suggest 10213433
bad_char_sugggest_attempts 100
bad_char_suggest 20124406
doubled_two_chars_suggest 366
two_words_suggest 955246
phonetic_suggest 1843
word_suggest succédées
priv_suggest 400668435
priv_suggest_size 8
uppercase_suggest 68938
rep_suggest 2508413
map_suggest 7771869
map_suggest_attempts 200
adjacent_swap_suggest 1123355
distant_swap_suggest 3373187
keyboard_suggest 6633885
extra_char_suggest 1215905
forgetten_char_sugggest_attempts 100
forgotten_char_suggest 17010357
move_char_suggest 6517674
bad_char_sugggest_attempts 100
bad_char_suggest 16787270
doubled_two_chars_suggest 331
two_words_suggest 656440
phonetic_suggest 1603
word_suggest succédée
priv_suggest 363316933
priv_suggest_size 7
uppercase_suggest 59774
rep_suggest 1844772
map_suggest 8358085
map_suggest_attempts 200
adjacent_swap_suggest 822251
distant_swap_suggest 1941559
keyboard_suggest 5117121
extra_char_suggest 916262
forgetten_char_sugggest_attempts 100
forgotten_char_suggest 13823843
move_char_suggest 3775452
bad_char_sugggest_attempts 100
bad_char_suggest 13721814
doubled_two_chars_suggest 334
two_words_suggest 740488
phonetic_suggest 1403
word_suggest succint
priv_suggest 331174410
priv_suggest_size 4
uppercase_suggest 54758
rep_suggest 1196479
map_suggest 8078107
map_suggest_attempts 200
adjacent_swap_suggest 1533433
distant_swap_suggest 5592318
keyboard_suggest 7828953
extra_char_suggest 1424506
forgetten_char_sugggest_attempts 100
forgotten_char_suggest 16000344
move_char_suggest 11692939
bad_char_sugggest_attempts 100
bad_char_suggest 15874043
doubled_two_chars_suggest 371
two_words_suggest 1027851
phonetic_suggest 2000
word_suggest supernovae
priv_suggest 70450569
priv_suggest_size 4
uppercase_suggest 56709
rep_suggest 817337
map_suggest 6304479
map_suggest_attempts 200
adjacent_swap_suggest 497872
distant_swap_suggest 1196529
keyboard_suggest 2652380
extra_char_suggest 571197
forgetten_char_sugggest_attempts 100
forgotten_char_suggest 8257991
move_char_suggest 2473600
bad_char_sugggest_attempts 100
bad_char_suggest 7963835
doubled_two_chars_suggest 266
two_words_suggest 437204
phonetic_suggest 1891
word_suggest symmétr
priv_suggest 304364073
priv_suggest_size 1
uppercase_suggest 68245
rep_suggest 384435
map_suggest 213271
map_suggest_attempts 6
adjacent_swap_suggest 116497
distant_swap_suggest 98348
keyboard_suggest 726826
extra_char_suggest 181089
forgetten_char_sugggest_attempts 100
forgotten_char_suggest 7381436
move_char_suggest 140140
bad_char_sugggest_attempts 100
bad_char_suggest 7283512
doubled_two_chars_suggest 198
two_words_suggest 122335
phonetic_suggest 1247
word_suggest tæl
priv_suggest 182767463
priv_suggest_size 3
uppercase_suggest 74216
rep_suggest 776058
map_suggest 8895605
map_suggest_attempts 200
adjacent_swap_suggest 1009431
distant_swap_suggest 1851047
keyboard_suggest 4919621
extra_char_suggest 1093826
forgetten_char_sugggest_attempts 100
forgotten_char_suggest 17418964
move_char_suggest 3365402
bad_char_sugggest_attempts 100
bad_char_suggest 17555416
doubled_two_chars_suggest 274
two_words_suggest 796353
phonetic_suggest 2335
word_suggest taenia
priv_suggest 57884065
priv_suggest_size 1
uppercase_suggest 70659
rep_suggest 1263440
map_suggest 5787752
map_suggest_attempts 100
adjacent_swap_suggest 1335776
distant_swap_suggest 4623289
keyboard_suggest 7410064
extra_char_suggest 1520742
forgetten_char_sugggest_attempts 100
forgotten_char_suggest 17057729
move_char_suggest 8824071
bad_char_sugggest_attempts 100
bad_char_suggest 16907916
doubled_two_chars_suggest 311
two_words_suggest 978060
phonetic_suggest 2503
word_suggest taenioïde
priv_suggest 408935560
priv_suggest_size 1
uppercase_suggest 74137
rep_suggest 2132521
map_suggest 6707603
map_suggest_attempts 100
adjacent_swap_suggest 1508585
distant_swap_suggest 4061445
keyboard_suggest 7868113
extra_char_suggest 1668714
forgetten_char_sugggest_attempts 100
forgotten_char_suggest 22041229
move_char_suggest 8161091
bad_char_sugggest_attempts 100
bad_char_suggest 22148337
doubled_two_chars_suggest 335
two_words_suggest 1144058
phonetic_suggest 1864
word_suggest ténebres
priv_suggest 384960324
priv_suggest_size 1
uppercase_suggest 73778
rep_suggest 1890137
map_suggest 5866583
map_suggest_attempts 100
adjacent_swap_suggest 1390508
distant_swap_suggest 2783429
keyboard_suggest 6625716
extra_char_suggest 1446781
forgetten_char_sugggest_attempts 100
forgotten_char_suggest 21555369
move_char_suggest 5023334
bad_char_sugggest_attempts 100
bad_char_suggest 20503937
doubled_two_chars_suggest 298
two_words_suggest 973404
phonetic_suggest 1651
word_suggest tenèbre
priv_suggest 346341701
priv_suggest_size 2
uppercase_suggest 70381
rep_suggest 904811
map_suggest 7086093
map_suggest_attempts 200
adjacent_swap_suggest 453312
distant_swap_suggest 1433033
keyboard_suggest 2755835
extra_char_suggest 416016
forgetten_char_sugggest_attempts 100
forgotten_char_suggest 7822013
move_char_suggest 2408324
bad_char_sugggest_attempts 100
bad_char_suggest 8066307
doubled_two_chars_suggest 303
two_words_suggest 643798
phonetic_suggest 1517
word_suggest traffic
priv_suggest 32192738
priv_suggest_size 1
uppercase_suggest 68766
rep_suggest 969235
map_suggest 5488500
map_suggest_attempts 100
adjacent_swap_suggest 440257
distant_swap_suggest 328943
keyboard_suggest 2530770
extra_char_suggest 387260
forgetten_char_sugggest_attempts 100
forgotten_char_suggest 13125844
move_char_suggest 646669
bad_char_sugggest_attempts 100
bad_char_suggest 12048902
doubled_two_chars_suggest 132
two_words_suggest 341030
phonetic_suggest 1280
word_suggest trés
priv_suggest 36517069
priv_suggest_size 10
uppercase_suggest 68269
rep_suggest 1359185
map_suggest 5495863
map_suggest_attempts 100
adjacent_swap_suggest 905615
distant_swap_suggest 2409841
keyboard_suggest 5628757
extra_char_suggest 1027868
forgetten_char_sugggest_attempts 100
forgotten_char_suggest 16705772
move_char_suggest 4355824
bad_char_sugggest_attempts 100
bad_char_suggest 16128240
doubled_two_chars_suggest 296
two_words_suggest 636585
phonetic_suggest 1529
word_suggest trinome
priv_suggest 349143535
priv_suggest_size 3
uppercase_suggest 73752
rep_suggest 769734
map_suggest 7829945
map_suggest_attempts 200
adjacent_swap_suggest 666102
distant_swap_suggest 1875532
keyboard_suggest 3305536
extra_char_suggest 704744
forgetten_char_sugggest_attempts 100
forgotten_char_suggest 8600795
move_char_suggest 3944743
bad_char_sugggest_attempts 100
bad_char_suggest 8416730
doubled_two_chars_suggest 407
two_words_suggest 623202
phonetic_suggest 1687
word_suggest tutorial
priv_suggest 350917100
priv_suggest_size 4
uppercase_suggest 71955
rep_suggest 1032458
map_suggest 7440968
map_suggest_attempts 200
adjacent_swap_suggest 787380
distant_swap_suggest 2795064
keyboard_suggest 4886405
extra_char_suggest 926939
forgetten_char_sugggest_attempts 100
forgotten_char_suggest 9911510
move_char_suggest 5287435
bad_char_sugggest_attempts 100
bad_char_suggest 10082839
doubled_two_chars_suggest 369
two_words_suggest 921322
phonetic_suggest 1542
word_suggest tutoriaux
priv_suggest 384756381
priv_suggest_size 4
uppercase_suggest 56816
rep_suggest 349761
map_suggest 9188612
map_suggest_attempts 200
adjacent_swap_suggest 1067824
distant_swap_suggest 2076953
keyboard_suggest 5960631
extra_char_suggest 1226600
forgetten_char_sugggest_attempts 100
forgotten_char_suggest 20335544
move_char_suggest 3680875
bad_char_sugggest_attempts 100
bad_char_suggest 19773600
doubled_two_chars_suggest 276
two_words_suggest 825683
phonetic_suggest 1722
word_suggest uraeus
priv_suggest 64688322
priv_suggest_size 1
uppercase_suggest 60660
rep_suggest 756136
map_suggest 7863218
map_suggest_attempts 200
adjacent_swap_suggest 1095713
distant_swap_suggest 741998
keyboard_suggest 3336822
extra_char_suggest 771030
forgetten_char_sugggest_attempts 100
forgotten_char_suggest 17528391
move_char_suggest 1506662
bad_char_sugggest_attempts 100
bad_char_suggest 17013917
doubled_two_chars_suggest 236
two_words_suggest 361215
phonetic_suggest 2419
word_suggest vêpre
priv_suggest 278386271
priv_suggest_size 2
Total Words Spelling        64
Positives Nuspell           0
Positives Hunspell          0
Negatives Nuspell           64
Negatives Hunspell          64
True Positives              0
True Negatives              64
False Positives             0
False Negatives             0
True Positive Rate          0
True Negative Rate          1
False Positive Rate         0
False Negative Rate         0
Total Duration Nuspell      13266913
Total Duration Hunspell     8426183
Minimum Duration Nuspell    80199
Minimum Duration Hunspell   46462
Average Duration Nuspell    207295
Average Duration Hunspell   131659
Maximum Duration Nuspell    337091
Maximum Duration Hunspell   276633
Maximum Speedup             0.820648
Accuracy                    1
Precision                   0
Speedup                     0.635128
Total Words Suggestion                  64
Correction In Suggestions Nuspell       33
Correction In Suggestions Hunspell      33
Correction In Suggestions Both          33
Correction As First Suggestion Nuspell  26
Correction As First Suggestion Hunspell 28
Correction As First Suggestion Both     26
Nuspell More Suggestions                2
Hunspell More Suggestions               4
Same Number Of Suggestions              33
Nuspell No Suggestions                  0
Hunspell No Suggestions                 0
Both No Suggestions                     0
Maximum Suggestions Nuspell             12
Maximum Suggestions Hunspell            13
Rate Corr. In Suggestions Nuspell       0.515625
Rate Corr. In Suggestions Hunspell      0.515625
Rate Corr. As First Suggestion Nuspell  0.40625
Rate Corr. As First Suggestion Hunspell 0.4375
Total Duration Suggestions Nuspell      20640270617
Total Duration Suggestions Hunspell     44988606924
Minimum Duration Suggestions Nuspell    25730350
Minimum Duration Suggestions Hunspell   48544354
Average Duration Suggestions Nuspell    322504228
Average Duration Suggestions Hunspell   702946983
Maximum Duration Suggestions Nuspell    554882163
Maximum Duration Suggestions Hunspell   1211240032
Maximum Suggestions Speedup             10.3554
Suggestions Speedup                     2.17965
Total Time 66
