Correction File             fr-short.tsv
uppercase_suggest 27222
rep_suggest 771929
map_suggest 63398102072
map_suggest_attempts 1023999
adjacent_swap_suggest 1723588
distant_swap_suggest 5483072
keyboard_suggest 9589757
extra_char_suggest 1955168
forgotten_char_suggest_attempts 820
forgotten_char_suggest 169625247
move_char_suggest 11128194
bad_char_suggest_attempts 729
bad_char_suggest 144960857
doubled_two_chars_suggest 438
two_words_suggest 1202050
phonetic_suggest 2511
word_suggest raeslérie
priv_suggest 64073126741
priv_suggest_size 1
uppercase_suggest 55386
rep_suggest 2102526
map_suggest 402020571228
map_suggest_attempts 5119999
adjacent_swap_suggest 1079791
distant_swap_suggest 4788349
keyboard_suggest 5646988
extra_char_suggest 1233344
forgotten_char_suggest_attempts 984
forgotten_char_suggest 108579661
move_char_suggest 9186345
bad_char_suggest_attempts 891
bad_char_suggest 97028497
doubled_two_chars_suggest 417
two_words_suggest 863887
phonetic_suggest 1834
word_suggest recencement
priv_suggest 402508702238
priv_suggest_size 5
uppercase_suggest 41694
rep_suggest 616238
map_suggest 5560461064
map_suggest_attempts 163839
adjacent_swap_suggest 428250
distant_swap_suggest 1227304
keyboard_suggest 2257874
extra_char_suggest 479833
forgotten_char_suggest_attempts 738
forgotten_char_suggest 41391402
move_char_suggest 2401744
bad_char_suggest_attempts 648
bad_char_suggest 35702869
doubled_two_chars_suggest 321
two_words_suggest 432748
phonetic_suggest 1421
word_suggest récitaux
priv_suggest 5849300695
priv_suggest_size 4
uppercase_suggest 41123
rep_suggest 604658
map_suggest 3112820355
map_suggest_attempts 76799
adjacent_swap_suggest 430781
distant_swap_suggest 1621996
keyboard_suggest 2543107
extra_char_suggest 495399
forgotten_char_suggest_attempts 820
forgotten_char_suggest 42553305
move_char_suggest 3140431
bad_char_suggest_attempts 729
bad_char_suggest 38092320
doubled_two_chars_suggest 308
two_words_suggest 497375
phonetic_suggest 2237
word_suggest recommend
priv_suggest 3426273046
priv_suggest_size 2
uppercase_suggest 37592
rep_suggest 1282971
map_suggest 17864251473
map_suggest_attempts 383999
adjacent_swap_suggest 910310
distant_swap_suggest 2796414
keyboard_suggest 4949806
extra_char_suggest 1032412
forgotten_char_suggest_attempts 820
forgotten_char_suggest 84936673
move_char_suggest 5923739
bad_char_suggest_attempts 729
bad_char_suggest 75531025
doubled_two_chars_suggest 352
two_words_suggest 695383
phonetic_suggest 1665
word_suggest récopense
priv_suggest 18264463954
priv_suggest_size 3
uppercase_suggest 39712
rep_suggest 1226631
map_suggest 454365191750
map_suggest_attempts 9830399
adjacent_swap_suggest 1237397
distant_swap_suggest 5092885
keyboard_suggest 7137992
extra_char_suggest 1313910
forgotten_char_suggest_attempts 984
forgotten_char_suggest 115078498
move_char_suggest 10626855
bad_char_suggest_attempts 891
bad_char_suggest 103589112
doubled_two_chars_suggest 385
two_words_suggest 814889
phonetic_suggest 2190
word_suggest rédibitoire
priv_suggest 454848133206
priv_suggest_size 2
uppercase_suggest 35347
rep_suggest 359350
map_suggest 2221877486
map_suggest_attempts 61439
adjacent_swap_suggest 308638
distant_swap_suggest 1054273
keyboard_suggest 1851777
extra_char_suggest 308010
forgotten_char_suggest_attempts 738
forgotten_char_suggest 32062704
move_char_suggest 1891483
bad_char_suggest_attempts 648
bad_char_suggest 28150620
doubled_two_chars_suggest 332
two_words_suggest 397127
phonetic_suggest 1519
word_suggest rédition
priv_suggest 2481954562
priv_suggest_size 8
uppercase_suggest 36309
rep_suggest 286672
map_suggest 162105381
map_suggest_attempts 5119
adjacent_swap_suggest 285940
distant_swap_suggest 512599
keyboard_suggest 1658115
extra_char_suggest 253788
forgotten_char_suggest_attempts 574
forgotten_char_suggest 29218487
move_char_suggest 1063682
bad_char_suggest_attempts 486
bad_char_suggest 24030529
doubled_two_chars_suggest 259
two_words_suggest 306767
phonetic_suggest 1190
word_suggest régaux
priv_suggest 372650721
priv_suggest_size 6
uppercase_suggest 35058
rep_suggest 984578
map_suggest 90156561161
map_suggest_attempts 2047999
adjacent_swap_suggest 1089157
distant_swap_suggest 4182912
keyboard_suggest 5896509
extra_char_suggest 1153842
forgotten_char_suggest_attempts 902
forgotten_char_suggest 106105861
move_char_suggest 7703190
bad_char_suggest_attempts 810
bad_char_suggest 94142596
doubled_two_chars_suggest 316
two_words_suggest 878005
phonetic_suggest 2716
word_suggest relevaille
priv_suggest 90607690172
priv_suggest_size 5
uppercase_suggest 34994
rep_suggest 1283456
map_suggest 1140586313
map_suggest_attempts 25599
adjacent_swap_suggest 1012425
distant_swap_suggest 3185145
keyboard_suggest 5068481
extra_char_suggest 1077313
forgotten_char_suggest_attempts 820
forgotten_char_suggest 97215077
move_char_suggest 6042523
bad_char_suggest_attempts 729
bad_char_suggest 85622753
doubled_two_chars_suggest 324
two_words_suggest 542089
phonetic_suggest 1528
word_suggest rencpntre
priv_suggest 1557115671
priv_suggest_size 5
uppercase_suggest 36738
rep_suggest 619052
map_suggest 16167938500
map_suggest_attempts 307199
adjacent_swap_suggest 1136462
distant_swap_suggest 4236545
keyboard_suggest 7081462
extra_char_suggest 1259269
forgotten_char_suggest_attempts 902
forgotten_char_suggest 112877146
move_char_suggest 8459356
bad_char_suggest_attempts 810
bad_char_suggest 100620228
doubled_two_chars_suggest 326
two_words_suggest 840700
phonetic_suggest 2261
word_suggest rendezvous
priv_suggest 16622824702
priv_suggest_size 3
uppercase_suggest 37316
rep_suggest 723616
map_suggest 2013195265
map_suggest_attempts 47999
adjacent_swap_suggest 549617
distant_swap_suggest 1312890
keyboard_suggest 3043625
extra_char_suggest 642498
forgotten_char_suggest_attempts 656
forgotten_char_suggest 61208810
move_char_suggest 2601831
bad_char_suggest_attempts 567
bad_char_suggest 51198973
doubled_two_chars_suggest 287
two_words_suggest 450552
phonetic_suggest 1905
word_suggest renomée
priv_suggest 2135083326
priv_suggest_size 3
uppercase_suggest 34198
rep_suggest 386729
map_suggest 205944455
map_suggest_attempts 4799
adjacent_swap_suggest 211227
distant_swap_suggest 526895
keyboard_suggest 1308345
extra_char_suggest 227629
forgotten_char_suggest_attempts 574
forgotten_char_suggest 24720887
move_char_suggest 909099
bad_char_suggest_attempts 486
bad_char_suggest 20351748
doubled_two_chars_suggest 240
two_words_suggest 289035
phonetic_suggest 1964
word_suggest renomé
priv_suggest 255023934
priv_suggest_size 4
uppercase_suggest 34597
rep_suggest 1414118
map_suggest 44460406889
map_suggest_attempts 1023999
adjacent_swap_suggest 1272743
distant_swap_suggest 5962253
keyboard_suggest 6670777
extra_char_suggest 1410262
forgotten_char_suggest_attempts 1066
forgotten_char_suggest 118595009
move_char_suggest 12761318
bad_char_suggest_attempts 972
bad_char_suggest 108465216
doubled_two_chars_suggest 337
two_words_suggest 896018
phonetic_suggest 2069
word_suggest rensselærite
priv_suggest 44973376030
priv_suggest_size 1
uppercase_suggest 36544
rep_suggest 585072
map_suggest 33734879
map_suggest_attempts 639
adjacent_swap_suggest 499646
distant_swap_suggest 254135
keyboard_suggest 2594650
extra_char_suggest 395741
forgotten_char_suggest_attempts 492
forgotten_char_suggest 51927898
move_char_suggest 841026
bad_char_suggest_attempts 405
bad_char_suggest 40730871
doubled_two_chars_suggest 214
two_words_suggest 107321
phonetic_suggest 1682
word_suggest répis
priv_suggest 275971474
priv_suggest_size 13
uppercase_suggest 34134
rep_suggest 1480366
map_suggest 186904303507
map_suggest_attempts 4095999
adjacent_swap_suggest 1208199
distant_swap_suggest 5012978
keyboard_suggest 6523512
extra_char_suggest 1291861
forgotten_char_suggest_attempts 984
forgotten_char_suggest 117902754
move_char_suggest 10843334
bad_char_suggest_attempts 891
bad_char_suggest 105447730
doubled_two_chars_suggest 329
two_words_suggest 769778
phonetic_suggest 1649
word_suggest représaille
priv_suggest 187393936362
priv_suggest_size 4
uppercase_suggest 35405
rep_suggest 1004327
map_suggest 133478884509
map_suggest_attempts 2559999
adjacent_swap_suggest 980273
distant_swap_suggest 4273327
keyboard_suggest 5340557
extra_char_suggest 1093957
forgotten_char_suggest_attempts 984
forgotten_char_suggest 97492500
move_char_suggest 8207104
bad_char_suggest_attempts 891
bad_char_suggest 87611149
doubled_two_chars_suggest 376
two_words_suggest 835174
phonetic_suggest 1438
word_suggest resencement
priv_suggest 133916838221
priv_suggest_size 5
uppercase_suggest 33932
rep_suggest 1235349
map_suggest 25099706445
map_suggest_attempts 614399
adjacent_swap_suggest 825656
distant_swap_suggest 3285710
keyboard_suggest 4393004
extra_char_suggest 729642
forgotten_char_suggest_attempts 902
forgotten_char_suggest 82308789
move_char_suggest 6583195
bad_char_suggest_attempts 810
bad_char_suggest 73290490
doubled_two_chars_suggest 348
two_words_suggest 649605
phonetic_suggest 1435
word_suggest résonnance
priv_suggest 25273156769
priv_suggest_size 2
uppercase_suggest 35095
rep_suggest 1298754
map_suggest 995042217254
map_suggest_attempts 19660799
adjacent_swap_suggest 1400699
distant_swap_suggest 6215070
keyboard_suggest 7217595
extra_char_suggest 1677984
forgotten_char_suggest_attempts 1066
forgotten_char_suggest 123671591
move_char_suggest 15492443
bad_char_suggest_attempts 972
bad_char_suggest 131165338
doubled_two_chars_suggest 325
two_words_suggest 803150
phonetic_suggest 3026
word_suggest retrouvailes
priv_suggest 995331421275
priv_suggest_size 6
uppercase_suggest 39909
rep_suggest 224602
map_suggest 1136729409
map_suggest_attempts 30719
adjacent_swap_suggest 245327
distant_swap_suggest 782301
keyboard_suggest 1614254
extra_char_suggest 289200
forgotten_char_suggest_attempts 656
forgotten_char_suggest 28815983
move_char_suggest 1348323
bad_char_suggest_attempts 567
bad_char_suggest 24703580
doubled_two_chars_suggest 284
two_words_suggest 356370
phonetic_suggest 2330
word_suggest reunion
priv_suggest 1195281285
priv_suggest_size 2
uppercase_suggest 37350
rep_suggest 510067
map_suggest 29735193627
map_suggest_attempts 614399
adjacent_swap_suggest 1229976
distant_swap_suggest 4631909
keyboard_suggest 6454028
extra_char_suggest 1002193
forgotten_char_suggest_attempts 820
forgotten_char_suggest 98419473
move_char_suggest 6427453
bad_char_suggest_attempts 729
bad_char_suggest 91617422
doubled_two_chars_suggest 343
two_words_suggest 840428
phonetic_suggest 8034
word_suggest rhoeadine
priv_suggest 30259169810
priv_suggest_size 1
uppercase_suggest 52530
rep_suggest 246373
map_suggest 10140469
map_suggest_attempts 255
adjacent_swap_suggest 219366
distant_swap_suggest 467934
keyboard_suggest 1287208
extra_char_suggest 299202
forgotten_char_suggest_attempts 574
forgotten_char_suggest 27114611
move_char_suggest 1308317
bad_char_suggest_attempts 486
bad_char_suggest 21349189
doubled_two_chars_suggest 305
two_words_suggest 248476
phonetic_suggest 2737
word_suggest rhythm
priv_suggest 313082768
priv_suggest_size 1
uppercase_suggest 39298
rep_suggest 1318533
map_suggest 34298006784
map_suggest_attempts 767999
adjacent_swap_suggest 927274
distant_swap_suggest 2724543
keyboard_suggest 4923850
extra_char_suggest 1074740
forgotten_char_suggest_attempts 820
forgotten_char_suggest 89040275
move_char_suggest 6128100
bad_char_suggest_attempts 729
bad_char_suggest 77326935
doubled_two_chars_suggest 281
two_words_suggest 547114
phonetic_suggest 2708
word_suggest roemérite
priv_suggest 34693078947
priv_suggest_size 2
uppercase_suggest 34657
rep_suggest 680742
map_suggest 409814287
map_suggest_attempts 9599
adjacent_swap_suggest 533613
distant_swap_suggest 1348768
keyboard_suggest 3523427
extra_char_suggest 615568
forgotten_char_suggest_attempts 656
forgotten_char_suggest 58980935
move_char_suggest 2678432
bad_char_suggest_attempts 567
bad_char_suggest 50573979
doubled_two_chars_suggest 257
two_words_suggest 422776
phonetic_suggest 2045
word_suggest roentge
priv_suggest 709496580
priv_suggest_size 2
uppercase_suggest 36279
rep_suggest 1726002
map_suggest 134751151414
map_suggest_attempts 3071999
adjacent_swap_suggest 1140969
distant_swap_suggest 4630430
keyboard_suggest 6716469
extra_char_suggest 1353786
forgotten_char_suggest_attempts 984
forgotten_char_suggest 107056593
move_char_suggest 10023182
bad_char_suggest_attempts 891
bad_char_suggest 95813397
doubled_two_chars_suggest 313
two_words_suggest 714882
phonetic_suggest 3368
word_suggest roesslérite
priv_suggest 135214226430
priv_suggest_size 1
uppercase_suggest 34246
rep_suggest 1407808
map_suggest 32643983598
map_suggest_attempts 767999
adjacent_swap_suggest 957840
distant_swap_suggest 3279846
keyboard_suggest 5979718
extra_char_suggest 1075846
forgotten_char_suggest_attempts 820
forgotten_char_suggest 98909449
move_char_suggest 6116744
bad_char_suggest_attempts 729
bad_char_suggest 86476828
doubled_two_chars_suggest 382
two_words_suggest 667950
phonetic_suggest 4460
word_suggest roestélie
priv_suggest 33059455893
priv_suggest_size 1
uppercase_suggest 33449
rep_suggest 1410934
map_suggest 4082439881
map_suggest_attempts 95999
adjacent_swap_suggest 958772
distant_swap_suggest 2338410
keyboard_suggest 5091174
extra_char_suggest 938543
forgotten_char_suggest_attempts 738
forgotten_char_suggest 98254508
move_char_suggest 4419853
bad_char_suggest_attempts 648
bad_char_suggest 84050577
doubled_two_chars_suggest 294
two_words_suggest 517027
phonetic_suggest 2482
word_suggest roetlère
priv_suggest 4472888699
priv_suggest_size 1
uppercase_suggest 35660
rep_suggest 430359
map_suggest 258528616
map_suggest_attempts 8191
adjacent_swap_suggest 336255
distant_swap_suggest 892201
keyboard_suggest 1825648
extra_char_suggest 316350
forgotten_char_suggest_attempts 656
forgotten_char_suggest 33915931
move_char_suggest 1694663
bad_char_suggest_attempts 567
bad_char_suggest 29192676
doubled_two_chars_suggest 265
two_words_suggest 398339
phonetic_suggest 1874
word_suggest sarraux
priv_suggest 488660550
priv_suggest_size 5
uppercase_suggest 37936
rep_suggest 1066457
map_suggest 1096621419
map_suggest_attempts 25599
adjacent_swap_suggest 685496
distant_swap_suggest 1143759
keyboard_suggest 4326883
extra_char_suggest 825789
forgotten_char_suggest_attempts 574
forgotten_char_suggest 80238433
move_char_suggest 2167839
bad_char_suggest_attempts 486
bad_char_suggest 65369375
doubled_two_chars_suggest 255
two_words_suggest 645638
phonetic_suggest 2563
word_suggest sayète
priv_suggest 1404508066
priv_suggest_size 2
uppercase_suggest 34596
rep_suggest 1159609
map_suggest 2597462294
map_suggest_attempts 61439
adjacent_swap_suggest 834418
distant_swap_suggest 3345516
keyboard_suggest 4974097
extra_char_suggest 965958
forgotten_char_suggest_attempts 902
forgotten_char_suggest 84221958
move_char_suggest 6628107
bad_char_suggest_attempts 810
bad_char_suggest 75748303
doubled_two_chars_suggest 293
two_words_suggest 559285
phonetic_suggest 2858
word_suggest scævolisme
priv_suggest 2986583353
priv_suggest_size 1
uppercase_suggest 34555
rep_suggest 969163
map_suggest 1371193841
map_suggest_attempts 31999
adjacent_swap_suggest 610785
distant_swap_suggest 1376347
keyboard_suggest 3327677
extra_char_suggest 833082
forgotten_char_suggest_attempts 656
forgotten_char_suggest 62838296
move_char_suggest 3050717
bad_char_suggest_attempts 567
bad_char_suggest 53977770
doubled_two_chars_suggest 275
two_words_suggest 459666
phonetic_suggest 2872
word_suggest scénete
priv_suggest 1498836327
priv_suggest_size 1
uppercase_suggest 34144
rep_suggest 695362
map_suggest 6550543302416
map_suggest_attempts 196607999
adjacent_swap_suggest 633922
distant_swap_suggest 3509244
keyboard_suggest 3269298
extra_char_suggest 675428
forgotten_char_suggest_attempts 1230
forgotten_char_suggest 51821731
move_char_suggest 7628385
bad_char_suggest_attempts 1134
bad_char_suggest 47799964
doubled_two_chars_suggest 275
two_words_suggest 689916
phonetic_suggest 1579
word_suggest schoenberguien
priv_suggest 6550859736018
priv_suggest_size 1
uppercase_suggest 27796
rep_suggest 1009091
map_suggest 10037356273
map_suggest_attempts 307199
adjacent_swap_suggest 729354
distant_swap_suggest 2163398
keyboard_suggest 4106066
extra_char_suggest 806412
forgotten_char_suggest_attempts 820
forgotten_char_suggest 64862720
move_char_suggest 4718022
bad_char_suggest_attempts 729
bad_char_suggest 56884217
doubled_two_chars_suggest 218
two_words_suggest 436981
phonetic_suggest 1544
word_suggest schoenite
priv_suggest 10319906444
priv_suggest_size 2
uppercase_suggest 28080
rep_suggest 1017328
map_suggest 1214107621
map_suggest_attempts 30719
adjacent_swap_suggest 682331
distant_swap_suggest 1713391
keyboard_suggest 4344292
extra_char_suggest 808839
forgotten_char_suggest_attempts 738
forgotten_char_suggest 65997629
move_char_suggest 3591665
bad_char_suggest_attempts 648
bad_char_suggest 56511877
doubled_two_chars_suggest 218
two_words_suggest 403288
phonetic_suggest 1927
word_suggest schoenus
priv_suggest 1479489435
priv_suggest_size 1
uppercase_suggest 27502
rep_suggest 992830
map_suggest 3384667610
map_suggest_attempts 102399
adjacent_swap_suggest 603625
distant_swap_suggest 1743061
keyboard_suggest 3431595
extra_char_suggest 667919
forgotten_char_suggest_attempts 738
forgotten_char_suggest 62304323
move_char_suggest 3146743
bad_char_suggest_attempts 648
bad_char_suggest 52927141
doubled_two_chars_suggest 229
two_words_suggest 397536
phonetic_suggest 1237
word_suggest semaille
priv_suggest 3652368633
priv_suggest_size 8
uppercase_suggest 27431
rep_suggest 715375
map_suggest 31035490739
map_suggest_attempts 786431
adjacent_swap_suggest 572814
distant_swap_suggest 2238035
keyboard_suggest 3391290
extra_char_suggest 550078
forgotten_char_suggest_attempts 902
forgotten_char_suggest 52809980
move_char_suggest 5205859
bad_char_suggest_attempts 810
bad_char_suggest 47100136
doubled_two_chars_suggest 209
two_words_suggest 351564
phonetic_suggest 1381
word_suggest soupirails
priv_suggest 31309759504
priv_suggest_size 8
uppercase_suggest 28290
rep_suggest 495457
map_suggest 234876101
map_suggest_attempts 8191
adjacent_swap_suggest 439335
distant_swap_suggest 813275
keyboard_suggest 2289815
extra_char_suggest 450469
forgotten_char_suggest_attempts 574
forgotten_char_suggest 41107804
move_char_suggest 1495257
bad_char_suggest_attempts 486
bad_char_suggest 34372644
doubled_two_chars_suggest 194
two_words_suggest 312323
phonetic_suggest 999
word_suggest spacia
priv_suggest 429970480
priv_suggest_size 1
uppercase_suggest 29502
rep_suggest 869437
map_suggest 11935576974
map_suggest_attempts 409599
adjacent_swap_suggest 735053
distant_swap_suggest 2849458
keyboard_suggest 4155734
extra_char_suggest 818047
forgotten_char_suggest_attempts 902
forgotten_char_suggest 70385622
move_char_suggest 5686950
bad_char_suggest_attempts 810
bad_char_suggest 62720078
doubled_two_chars_suggest 254
two_words_suggest 556873
phonetic_suggest 1443
word_suggest sphaerella
priv_suggest 12245517257
priv_suggest_size 1
uppercase_suggest 27365
rep_suggest 741901
map_suggest 6625423303
map_suggest_attempts 204799
adjacent_swap_suggest 731984
distant_swap_suggest 2241336
keyboard_suggest 4090739
extra_char_suggest 842980
forgotten_char_suggest_attempts 820
forgotten_char_suggest 66408453
move_char_suggest 4915820
bad_char_suggest_attempts 729
bad_char_suggest 58157566
doubled_two_chars_suggest 221
two_words_suggest 549853
phonetic_suggest 1396
word_suggest sphaerite
priv_suggest 6918380504
priv_suggest_size 1
uppercase_suggest 26850
rep_suggest 200592
map_suggest 3839656423
map_suggest_attempts 163839
adjacent_swap_suggest 253077
distant_swap_suggest 1011568
keyboard_suggest 1274878
extra_char_suggest 276365
forgotten_char_suggest_attempts 820
forgotten_char_suggest 21544311
move_char_suggest 1902879
bad_char_suggest_attempts 729
bad_char_suggest 19314171
doubled_two_chars_suggest 204
two_words_suggest 443940
phonetic_suggest 1827
word_suggest sphaerium
priv_suggest 4036906332
priv_suggest_size 1
uppercase_suggest 27778
rep_suggest 1471058
map_suggest 116343441304
map_suggest_attempts 2949119
adjacent_swap_suggest 1145151
distant_swap_suggest 5091914
keyboard_suggest 6758188
extra_char_suggest 1224423
forgotten_char_suggest_attempts 1066
forgotten_char_suggest 102847049
move_char_suggest 10289919
bad_char_suggest_attempts 972
bad_char_suggest 92905544
doubled_two_chars_suggest 301
two_words_suggest 633083
phonetic_suggest 1554
word_suggest sphaerobolus
priv_suggest 116752980811
priv_suggest_size 1
uppercase_suggest 28869
rep_suggest 1054991
map_suggest 333760263240
map_suggest_attempts 9830399
adjacent_swap_suggest 910618
distant_swap_suggest 4438182
keyboard_suggest 5181499
extra_char_suggest 995739
forgotten_char_suggest_attempts 1066
forgotten_char_suggest 89082145
move_char_suggest 9246859
bad_char_suggest_attempts 972
bad_char_suggest 79757142
doubled_two_chars_suggest 274
two_words_suggest 677502
phonetic_suggest 3200
word_suggest sphaerocarpe
priv_suggest 334163402694
priv_suggest_size 1
uppercase_suggest 32770
rep_suggest 1221999
map_suggest 2144364440127
map_suggest_attempts 49151999
adjacent_swap_suggest 1071309
distant_swap_suggest 5645455
keyboard_suggest 6393847
extra_char_suggest 1143842
forgotten_char_suggest_attempts 1148
forgotten_char_suggest 98737715
move_char_suggest 11601708
bad_char_suggest_attempts 1053
bad_char_suggest 90129738
doubled_two_chars_suggest 278
two_words_suggest 729050
phonetic_suggest 2798
word_suggest sphaeropsidée
priv_suggest 2144807861197
priv_suggest_size 1
uppercase_suggest 33850
rep_suggest 1364193
map_suggest 23420563222
map_suggest_attempts 491519
adjacent_swap_suggest 1106704
distant_swap_suggest 4870426
keyboard_suggest 7014657
extra_char_suggest 1222696
forgotten_char_suggest_attempts 984
forgotten_char_suggest 106901422
move_char_suggest 9210140
bad_char_suggest_attempts 891
bad_char_suggest 95919357
doubled_two_chars_suggest 265
two_words_suggest 690766
phonetic_suggest 2047
word_suggest sphaeropsis
priv_suggest 23853518126
priv_suggest_size 1
uppercase_suggest 35321
rep_suggest 1997365
map_suggest 1892373230514
map_suggest_attempts 49151999
adjacent_swap_suggest 1374018
distant_swap_suggest 6572469
keyboard_suggest 8274907
extra_char_suggest 1463261
forgotten_char_suggest_attempts 1148
forgotten_char_suggest 143814592
move_char_suggest 16165404
bad_char_suggest_attempts 1053
bad_char_suggest 128511845
doubled_two_chars_suggest 464
two_words_suggest 854170
phonetic_suggest 20918
word_suggest sphaerothèque
priv_suggest 1892929401515
priv_suggest_size 2
uppercase_suggest 28487
rep_suggest 787469
map_suggest 73271242578
map_suggest_attempts 2047999
adjacent_swap_suggest 745420
distant_swap_suggest 2992409
keyboard_suggest 4102835
extra_char_suggest 814716
forgotten_char_suggest_attempts 902
forgotten_char_suggest 71099997
move_char_suggest 5837018
bad_char_suggest_attempts 810
bad_char_suggest 63241447
doubled_two_chars_suggest 273
two_words_suggest 558901
phonetic_suggest 2250
word_suggest staehéline
priv_suggest 73597670675
priv_suggest_size 1
uppercase_suggest 29030
rep_suggest 524624
map_suggest 644938485
map_suggest_attempts 20479
adjacent_swap_suggest 385314
distant_swap_suggest 898293
keyboard_suggest 2675766
extra_char_suggest 463885
forgotten_char_suggest_attempts 574
forgotten_char_suggest 44960433
move_char_suggest 1631576
bad_char_suggest_attempts 486
bad_char_suggest 37394606
doubled_two_chars_suggest 219
two_words_suggest 420411
phonetic_suggest 1367
word_suggest suaeda
priv_suggest 865563686
priv_suggest_size 1
uppercase_suggest 29800
rep_suggest 1531300
map_suggest 44758509703
map_suggest_attempts 1023999
adjacent_swap_suggest 780998
distant_swap_suggest 2212493
keyboard_suggest 3793868
extra_char_suggest 780675
forgotten_char_suggest_attempts 820
forgotten_char_suggest 75167867
move_char_suggest 4983459
bad_char_suggest_attempts 729
bad_char_suggest 66372139
doubled_two_chars_suggest 268
two_words_suggest 466514
phonetic_suggest 1598
word_suggest succédées
priv_suggest 45079476089
priv_suggest_size 8
uppercase_suggest 30025
rep_suggest 1168361
map_suggest 17888032862
map_suggest_attempts 511999
adjacent_swap_suggest 543694
distant_swap_suggest 1616945
keyboard_suggest 3242062
extra_char_suggest 602978
forgotten_char_suggest_attempts 738
forgotten_char_suggest 57773869
move_char_suggest 3133689
bad_char_suggest_attempts 648
bad_char_suggest 49646717
doubled_two_chars_suggest 261
two_words_suggest 320612
phonetic_suggest 1816
word_suggest succédée
priv_suggest 18152142927
priv_suggest_size 7
uppercase_suggest 29785
rep_suggest 871540
map_suggest 347384446
map_suggest_attempts 8191
adjacent_swap_suggest 428175
distant_swap_suggest 1010951
keyboard_suggest 2724836
extra_char_suggest 482755
forgotten_char_suggest_attempts 656
forgotten_char_suggest 43694497
move_char_suggest 1952507
bad_char_suggest_attempts 567
bad_char_suggest 36428180
doubled_two_chars_suggest 241
two_words_suggest 366112
phonetic_suggest 2094
word_suggest succint
priv_suggest 575686605
priv_suggest_size 4
uppercase_suggest 29817
rep_suggest 576381
map_suggest 42046043113
map_suggest_attempts 1228799
adjacent_swap_suggest 711893
distant_swap_suggest 2690930
keyboard_suggest 3756948
extra_char_suggest 685025
forgotten_char_suggest_attempts 902
forgotten_char_suggest 64350993
move_char_suggest 5477226
bad_char_suggest_attempts 810
bad_char_suggest 57126425
doubled_two_chars_suggest 258
two_words_suggest 478099
phonetic_suggest 1696
word_suggest supernovae
priv_suggest 42182029318
priv_suggest_size 4
uppercase_suggest 28747
rep_suggest 403201
map_suggest 76652593
map_suggest_attempts 2559
adjacent_swap_suggest 239700
distant_swap_suggest 577967
keyboard_suggest 1258880
extra_char_suggest 262434
forgotten_char_suggest_attempts 656
forgotten_char_suggest 22627162
move_char_suggest 1191840
bad_char_suggest_attempts 567
bad_char_suggest 19444139
doubled_two_chars_suggest 208
two_words_suggest 210453
phonetic_suggest 938
word_suggest symmétr
priv_suggest 254142188
priv_suggest_size 1
uppercase_suggest 35798
rep_suggest 190323
map_suggest 99214
map_suggest_attempts 3
adjacent_swap_suggest 53826
distant_swap_suggest 50134
keyboard_suggest 341022
extra_char_suggest 84768
forgotten_char_suggest_attempts 328
forgotten_char_suggest 10879597
move_char_suggest 70004
bad_char_suggest_attempts 243
bad_char_suggest 7867547
doubled_two_chars_suggest 66
two_words_suggest 58071
phonetic_suggest 1624
word_suggest tæl
priv_suggest 100447537
priv_suggest_size 3
uppercase_suggest 38876
rep_suggest 368583
map_suggest 720439003
map_suggest_attempts 20479
adjacent_swap_suggest 487501
distant_swap_suggest 893044
keyboard_suggest 2230993
extra_char_suggest 503426
forgotten_char_suggest_attempts 574
forgotten_char_suggest 44296401
move_char_suggest 1594517
bad_char_suggest_attempts 486
bad_char_suggest 36827867
doubled_two_chars_suggest 180
two_words_suggest 366535
phonetic_suggest 1894
word_suggest taenia
priv_suggest 808146168
priv_suggest_size 1
uppercase_suggest 39700
rep_suggest 601287
map_suggest 98413964421
map_suggest_attempts 2457599
adjacent_swap_suggest 644108
distant_swap_suggest 2167611
keyboard_suggest 3332232
extra_char_suggest 671442
forgotten_char_suggest_attempts 820
forgotten_char_suggest 61230670
move_char_suggest 4088518
bad_char_suggest_attempts 729
bad_char_suggest 53781203
doubled_two_chars_suggest 259
two_words_suggest 435400
phonetic_suggest 1872
word_suggest taenioïde
priv_suggest 98703473895
priv_suggest_size 1
uppercase_suggest 36436
rep_suggest 979064
map_suggest 1543126406
map_suggest_attempts 31999
adjacent_swap_suggest 718617
distant_swap_suggest 1867257
keyboard_suggest 3649475
extra_char_suggest 806776
forgotten_char_suggest_attempts 738
forgotten_char_suggest 71123593
move_char_suggest 3694046
bad_char_suggest_attempts 648
bad_char_suggest 60231380
doubled_two_chars_suggest 232
two_words_suggest 538171
phonetic_suggest 2273
word_suggest ténebres
priv_suggest 1686883546
priv_suggest_size 1
uppercase_suggest 35940
rep_suggest 886155
map_suggest 643268877
map_suggest_attempts 15999
adjacent_swap_suggest 660231
distant_swap_suggest 1307468
keyboard_suggest 3090149
extra_char_suggest 673326
forgotten_char_suggest_attempts 656
forgotten_char_suggest 63108003
move_char_suggest 2543478
bad_char_suggest_attempts 567
bad_char_suggest 51935983
doubled_two_chars_suggest 223
two_words_suggest 431842
phonetic_suggest 2426
word_suggest tenèbre
priv_suggest 768043802
priv_suggest_size 1
uppercase_suggest 36877
rep_suggest 437008
map_suggest 120468083
map_suggest_attempts 4095
adjacent_swap_suggest 226353
distant_swap_suggest 799040
keyboard_suggest 1464971
extra_char_suggest 185618
forgotten_char_suggest_attempts 656
forgotten_char_suggest 21831883
move_char_suggest 1180243
bad_char_suggest_attempts 567
bad_char_suggest 18976035
doubled_two_chars_suggest 205
two_words_suggest 300020
phonetic_suggest 1857
word_suggest traffic
priv_suggest 166023015
priv_suggest_size 1
uppercase_suggest 35157
rep_suggest 475785
map_suggest 3707598
map_suggest_attempts 79
adjacent_swap_suggest 214215
distant_swap_suggest 159513
keyboard_suggest 1172944
extra_char_suggest 174085
forgotten_char_suggest_attempts 410
forgotten_char_suggest 22927584
move_char_suggest 307190
bad_char_suggest_attempts 324
bad_char_suggest 17243872
doubled_two_chars_suggest 76
two_words_suggest 160035
phonetic_suggest 792
word_suggest trés
priv_suggest 46646950
priv_suggest_size 10
uppercase_suggest 35393
rep_suggest 645603
map_suggest 297076431
map_suggest_attempts 7679
adjacent_swap_suggest 411861
distant_swap_suggest 1123656
keyboard_suggest 2685336
extra_char_suggest 486230
forgotten_char_suggest_attempts 656
forgotten_char_suggest 48902918
move_char_suggest 2114974
bad_char_suggest_attempts 567
bad_char_suggest 40338717
doubled_two_chars_suggest 230
two_words_suggest 295613
phonetic_suggest 1500
word_suggest trinome
priv_suggest 394208403
priv_suggest_size 3
uppercase_suggest 37192
rep_suggest 355121
map_suggest 1580971470
map_suggest_attempts 49151
adjacent_swap_suggest 316513
distant_swap_suggest 905646
keyboard_suggest 1552757
extra_char_suggest 318375
forgotten_char_suggest_attempts 738
forgotten_char_suggest 26681151
move_char_suggest 1868118
bad_char_suggest_attempts 648
bad_char_suggest 23277486
doubled_two_chars_suggest 252
two_words_suggest 293235
phonetic_suggest 1148
word_suggest tutorial
priv_suggest 1787582132
priv_suggest_size 4
uppercase_suggest 36221
rep_suggest 513388
map_suggest 11464058159
map_suggest_attempts 393215
adjacent_swap_suggest 365845
distant_swap_suggest 1264947
keyboard_suggest 2182554
extra_char_suggest 414928
forgotten_char_suggest_attempts 820
forgotten_char_suggest 35145468
move_char_suggest 2584488
bad_char_suggest_attempts 729
bad_char_suggest 32133328
doubled_two_chars_suggest 286
two_words_suggest 461325
phonetic_suggest 2874
word_suggest tutoriaux
priv_suggest 11715374916
priv_suggest_size 4
uppercase_suggest 28607
rep_suggest 162193
map_suggest 850108646
map_suggest_attempts 20479
adjacent_swap_suggest 547510
distant_swap_suggest 966733
keyboard_suggest 2847374
extra_char_suggest 584301
forgotten_char_suggest_attempts 574
forgotten_char_suggest 50538255
move_char_suggest 1755922
bad_char_suggest_attempts 486
bad_char_suggest 41646169
doubled_two_chars_suggest 196
two_words_suggest 420917
phonetic_suggest 2899
word_suggest uraeus
priv_suggest 949703032
priv_suggest_size 1
uppercase_suggest 33875
rep_suggest 380404
map_suggest 31509484
map_suggest_attempts 799
adjacent_swap_suggest 575385
distant_swap_suggest 388971
keyboard_suggest 1752037
extra_char_suggest 398142
forgotten_char_suggest_attempts 492
forgotten_char_suggest 41071332
move_char_suggest 761259
bad_char_suggest_attempts 405
bad_char_suggest 29872053
doubled_two_chars_suggest 176
two_words_suggest 162137
phonetic_suggest 1634
word_suggest vêpre
priv_suggest 237675684
priv_suggest_size 2
Total Words Spelling        64
Positives Nuspell           0
Positives Hunspell          0
Negatives Nuspell           64
Negatives Hunspell          64
True Positives              0
True Negatives              64
False Positives             0
False Negatives             0
True Positive Rate          0
True Negative Rate          1
False Positive Rate         0
False Negative Rate         0
Total Duration Nuspell      8448493
Total Duration Hunspell     5282699
Minimum Duration Nuspell    54137
Minimum Duration Hunspell   29671
Average Duration Nuspell    132007
Average Duration Hunspell   82542
Maximum Duration Nuspell    245032
Maximum Duration Hunspell   167591
Maximum Speedup             0.948921
Accuracy                    1
Precision                   0
Speedup                     0.625283
Total Words Suggestion                  64
Correction In Suggestions Nuspell       33
Correction In Suggestions Hunspell      33
Correction In Suggestions Both          33
Correction As First Suggestion Nuspell  27
Correction As First Suggestion Hunspell 28
Correction As First Suggestion Both     27
Nuspell More Suggestions                1
Hunspell More Suggestions               0
Same Number Of Suggestions              33
Nuspell No Suggestions                  0
Hunspell No Suggestions                 0
Both No Suggestions                     0
Maximum Suggestions Nuspell             13
Maximum Suggestions Hunspell            13
Rate Corr. In Suggestions Nuspell       0.515625
Rate Corr. In Suggestions Hunspell      0.515625
Rate Corr. As First Suggestion Nuspell  0.421875
Rate Corr. As First Suggestion Hunspell 0.4375
Total Duration Suggestions Nuspell      14128292431325
Total Duration Suggestions Hunspell     33842585817
Minimum Duration Suggestions Nuspell    46646950
Minimum Duration Suggestions Hunspell   22995049
Average Duration Suggestions Nuspell    220754569239
Average Duration Suggestions Hunspell   528790403
Maximum Duration Suggestions Nuspell    6550859736018
Maximum Duration Suggestions Hunspell   1007646122
Maximum Suggestions Speedup             0.856572
Suggestions Speedup                     0.00239538
Total Time 14163
